1642065337673	geckodriver	INFO	Listening on 127.0.0.1:50123
1642065340695	mozrunner::runner	INFO	Running command: "C:\\Program Files\\Mozilla Firefox\\firefox.exe" "--marionette" "-no-remote" "-profile" "C:\\Users\\Mohit\\AppData\\Local\\Temp\\rust_mozprofilebkbz5l"
1642065342655	Marionette	INFO	Marionette enabled
console.warn: SearchSettings: "get: No settings file exists, new profile?" (new NotFoundError("Could not open the file at C:\\Users\\Mohit\\AppData\\Local\\Temp\\rust_mozprofilebkbz5l\\search.json.mozlz4", (void 0)))
1642065350525	Marionette	INFO	Listening on port 50132
1642065350657	RemoteAgent	WARN	TLS certificate errors will be ignored for this session
1642065355172	Marionette	INFO	Stopped listening on port 50132

###!!! [Child][RunMessage] Error: Channel closing: too late to send/recv, messages will be lost


###!!! [Parent][RunMessage] Error: Channel closing: too late to send/recv, messages will be lost

1642065366717	geckodriver	INFO	Listening on 127.0.0.1:50209
1642065369746	mozrunner::runner	INFO	Running command: "C:\\Program Files\\Mozilla Firefox\\firefox.exe" "--marionette" "-no-remote" "-profile" "C:\\Users\\Mohit\\AppData\\Local\\Temp\\rust_mozprofileklLjto"
1642065370688	Marionette	INFO	Marionette enabled
console.warn: SearchSettings: "get: No settings file exists, new profile?" (new NotFoundError("Could not open the file at C:\\Users\\Mohit\\AppData\\Local\\Temp\\rust_mozprofileklLjto\\search.json.mozlz4", (void 0)))
1642065376910	Marionette	INFO	Listening on port 50217
1642065377179	RemoteAgent	WARN	TLS certificate errors will be ignored for this session
JavaScript error: , line 0: NS_ERROR_NOT_AVAILABLE
1642068099365	Marionette	INFO	Stopped listening on port 50217
console.warn: TopSitesFeed: Failed to fetch data from Contile server: NetworkError when attempting to fetch resource.
Invalid port. Exiting...
Invalid port. Exiting...
Invalid port. Exiting...
Invalid port. Exiting...
Invalid port. Exiting...
Invalid port. Exiting...
Invalid port. Exiting...
Invalid port. Exiting...
Invalid port. Exiting...
